# JRE version: Java(TM) SE Runtime Environment (8.0_202-b08) (build 1.8.0_202-b08)
# Java VM: Java HotSpot(TM) Client VM (25.202-b08 mixed mode, sharing windows-x86 )
Heap:
 def new generation   total 4928K, used 1027K [0x05000000, 0x05550000, 0x0a550000)
  eden space 4416K,  12% used [0x05000000, 0x0508d258, 0x05450000)
  from space 512K,  90% used [0x05450000, 0x054c3b60, 0x054d0000)
  to   space 512K,   0% used [0x054d0000, 0x054d0000, 0x05550000)
 tenured generation   total 10944K, used 3406K [0x0a550000, 0x0b000000, 0x15000000)
   the space 10944K,  31% used [0x0a550000, 0x0a8a3b38, 0x0a8a3c00, 0x0b000000)
 Metaspace       used 1532K, capacity 2615K, committed 2624K, reserved 4480K
GC Heap History (4 events):
Event: 0.366 GC heap before
{Heap before GC invocations=0 (full 0):
 def new generation   total 4928K, used 4416K [0x05000000, 0x05550000, 0x0a550000)
  eden space 4416K, 100% used [0x05000000, 0x05450000, 0x05450000)
  from space 512K,   0% used [0x05450000, 0x05450000, 0x054d0000)
  to   space 512K,   0% used [0x054d0000, 0x054d0000, 0x05550000)
 tenured generation   total 10944K, used 0K [0x0a550000, 0x0b000000, 0x15000000)
   the space 10944K,   0% used [0x0a550000, 0x0a550000, 0x0a550200, 0x0b000000)
 Metaspace       used 1113K, capacity 2533K, committed 2624K, reserved 4480K
Event: 0.370 GC heap after
Heap after GC invocations=1 (full 0):
 def new generation   total 4928K, used 512K [0x05000000, 0x05550000, 0x0a550000)
  eden space 4416K,   0% used [0x05000000, 0x05000000, 0x05450000)
  from space 512K, 100% used [0x054d0000, 0x05550000, 0x05550000)
  to   space 512K,   0% used [0x05450000, 0x05450000, 0x054d0000)
 tenured generation   total 10944K, used 1131K [0x0a550000, 0x0b000000, 0x15000000)
   the space 10944K,  10% used [0x0a550000, 0x0a66afc8, 0x0a66b000, 0x0b000000)
 Metaspace       used 1113K, capacity 2533K, committed 2624K, reserved 4480K
}
Event: 6.037 GC heap before
{Heap before GC invocations=1 (full 0):
 def new generation   total 4928K, used 4928K [0x05000000, 0x05550000, 0x0a550000)
  eden space 4416K, 100% used [0x05000000, 0x05450000, 0x05450000)
  from space 512K, 100% used [0x054d0000, 0x05550000, 0x05550000)
  to   space 512K,   0% used [0x05450000, 0x05450000, 0x054d0000)
 tenured generation   total 10944K, used 1131K [0x0a550000, 0x0b000000, 0x15000000)
   the space 10944K,  10% used [0x0a550000, 0x0a66afc8, 0x0a66b000, 0x0b000000)
 Metaspace       used 1509K, capacity 2613K, committed 2624K, reserved 4480K
Event: 6.040 GC heap after
Heap after GC invocations=2 (full 0):
 def new generation   total 4928K, used 462K [0x05000000, 0x05550000, 0x0a550000)
  eden space 4416K,   0% used [0x05000000, 0x05000000, 0x05450000)
  from space 512K,  90% used [0x05450000, 0x054c3b60, 0x054d0000)
  to   space 512K,   0% used [0x054d0000, 0x054d0000, 0x05550000)
 tenured generation   total 10944K, used 3406K [0x0a550000, 0x0b000000, 0x15000000)
   the space 10944K,  31% used [0x0a550000, 0x0a8a3b38, 0x0a8a3c00, 0x0b000000)
 Metaspace       used 1509K, capacity 2613K, committed 2624K, reserved 4480K
}

