# JRE version: Java(TM) SE Runtime Environment (8.0_202-b08) (build 1.8.0_202-b08)
# Java VM: Java HotSpot(TM) Client VM (25.202-b08 mixed mode windows-x86 )
Heap:
 def new generation   total 4928K, used 2757K [0x04a00000, 0x04f50000, 0x09f50000)
  eden space 4416K,  55% used [0x04a00000, 0x04c67ff8, 0x04e50000)
  from space 512K,  57% used [0x04e50000, 0x04e99468, 0x04ed0000)
  to   space 512K,   0% used [0x04ed0000, 0x04ed0000, 0x04f50000)
 tenured generation   total 10944K, used 7071K [0x09f50000, 0x0aa00000, 0x14a00000)
   the space 10944K,  64% used [0x09f50000, 0x0a637f60, 0x0a638000, 0x0aa00000)
 Metaspace       used 8610K, capacity 8824K, committed 8832K, reserved 9600K
GC Heap History (10 events):
Event: 37.280 GC heap before
{Heap before GC invocations=25 (full 0):
 def new generation   total 4928K, used 4660K [0x04a00000, 0x04f50000, 0x09f50000)
  eden space 4416K, 100% used [0x04a00000, 0x04e50000, 0x04e50000)
  from space 512K,  47% used [0x04ed0000, 0x04f0d030, 0x04f50000)
  to   space 512K,   0% used [0x04e50000, 0x04e50000, 0x04ed0000)
 tenured generation   total 10944K, used 6518K [0x09f50000, 0x0aa00000, 0x14a00000)
   the space 10944K,  59% used [0x09f50000, 0x0a5adb88, 0x0a5adc00, 0x0aa00000)
 Metaspace       used 8607K, capacity 8824K, committed 8832K, reserved 9600K
Event: 37.280 GC heap after
Heap after GC invocations=26 (full 0):
 def new generation   total 4928K, used 332K [0x04a00000, 0x04f50000, 0x09f50000)
  eden space 4416K,   0% used [0x04a00000, 0x04a00000, 0x04e50000)
  from space 512K,  64% used [0x04e50000, 0x04ea31f0, 0x04ed0000)
  to   space 512K,   0% used [0x04ed0000, 0x04ed0000, 0x04f50000)
 tenured generation   total 10944K, used 6518K [0x09f50000, 0x0aa00000, 0x14a00000)
   the space 10944K,  59% used [0x09f50000, 0x0a5adb88, 0x0a5adc00, 0x0aa00000)
 Metaspace       used 8607K, capacity 8824K, committed 8832K, reserved 9600K
}
Event: 37.422 GC heap before
{Heap before GC invocations=26 (full 0):
 def new generation   total 4928K, used 4748K [0x04a00000, 0x04f50000, 0x09f50000)
  eden space 4416K, 100% used [0x04a00000, 0x04e50000, 0x04e50000)
  from space 512K,  64% used [0x04e50000, 0x04ea31f0, 0x04ed0000)
  to   space 512K,   0% used [0x04ed0000, 0x04ed0000, 0x04f50000)
 tenured generation   total 10944K, used 6518K [0x09f50000, 0x0aa00000, 0x14a00000)
   the space 10944K,  59% used [0x09f50000, 0x0a5adb88, 0x0a5adc00, 0x0aa00000)
 Metaspace       used 8607K, capacity 8824K, committed 8832K, reserved 9600K
Event: 37.423 GC heap after
Heap after GC invocations=27 (full 0):
 def new generation   total 4928K, used 275K [0x04a00000, 0x04f50000, 0x09f50000)
  eden space 4416K,   0% used [0x04a00000, 0x04a00000, 0x04e50000)
  from space 512K,  53% used [0x04ed0000, 0x04f14e10, 0x04f50000)
  to   space 512K,   0% used [0x04e50000, 0x04e50000, 0x04ed0000)
 tenured generation   total 10944K, used 6664K [0x09f50000, 0x0aa00000, 0x14a00000)
   the space 10944K,  60% used [0x09f50000, 0x0a5d23c8, 0x0a5d2400, 0x0aa00000)
 Metaspace       used 8607K, capacity 8824K, committed 8832K, reserved 9600K
}
Event: 37.623 GC heap before
{Heap before GC invocations=27 (full 0):
 def new generation   total 4928K, used 4691K [0x04a00000, 0x04f50000, 0x09f50000)
  eden space 4416K, 100% used [0x04a00000, 0x04e50000, 0x04e50000)
  from space 512K,  53% used [0x04ed0000, 0x04f14e10, 0x04f50000)
  to   space 512K,   0% used [0x04e50000, 0x04e50000, 0x04ed0000)
 tenured generation   total 10944K, used 6664K [0x09f50000, 0x0aa00000, 0x14a00000)
   the space 10944K,  60% used [0x09f50000, 0x0a5d23c8, 0x0a5d2400, 0x0aa00000)
 Metaspace       used 8607K, capacity 8824K, committed 8832K, reserved 9600K
Event: 37.624 GC heap after
Heap after GC invocations=28 (full 0):
 def new generation   total 4928K, used 316K [0x04a00000, 0x04f50000, 0x09f50000)
  eden space 4416K,   0% used [0x04a00000, 0x04a00000, 0x04e50000)
  from space 512K,  61% used [0x04e50000, 0x04e9f3c8, 0x04ed0000)
  to   space 512K,   0% used [0x04ed0000, 0x04ed0000, 0x04f50000)
 tenured generation   total 10944K, used 6760K [0x09f50000, 0x0aa00000, 0x14a00000)
   the space 10944K,  61% used [0x09f50000, 0x0a5ea1c8, 0x0a5ea200, 0x0aa00000)
 Metaspace       used 8607K, capacity 8824K, committed 8832K, reserved 9600K
}
Event: 38.007 GC heap before
{Heap before GC invocations=28 (full 0):
 def new generation   total 4928K, used 4732K [0x04a00000, 0x04f50000, 0x09f50000)
  eden space 4416K, 100% used [0x04a00000, 0x04e50000, 0x04e50000)
  from space 512K,  61% used [0x04e50000, 0x04e9f3c8, 0x04ed0000)
  to   space 512K,   0% used [0x04ed0000, 0x04ed0000, 0x04f50000)
 tenured generation   total 10944K, used 6760K [0x09f50000, 0x0aa00000, 0x14a00000)
   the space 10944K,  61% used [0x09f50000, 0x0a5ea1c8, 0x0a5ea200, 0x0aa00000)
 Metaspace       used 8607K, capacity 8824K, committed 8832K, reserved 9600K
Event: 38.008 GC heap after
Heap after GC invocations=29 (full 0):
 def new generation   total 4928K, used 367K [0x04a00000, 0x04f50000, 0x09f50000)
  eden space 4416K,   0% used [0x04a00000, 0x04a00000, 0x04e50000)
  from space 512K,  71% used [0x04ed0000, 0x04f2be90, 0x04f50000)
  to   space 512K,   0% used [0x04e50000, 0x04e50000, 0x04ed0000)
 tenured generation   total 10944K, used 6848K [0x09f50000, 0x0aa00000, 0x14a00000)
   the space 10944K,  62% used [0x09f50000, 0x0a6001f0, 0x0a600200, 0x0aa00000)
 Metaspace       used 8607K, capacity 8824K, committed 8832K, reserved 9600K
}
Event: 38.536 GC heap before
{Heap before GC invocations=29 (full 0):
 def new generation   total 4928K, used 4783K [0x04a00000, 0x04f50000, 0x09f50000)
  eden space 4416K, 100% used [0x04a00000, 0x04e50000, 0x04e50000)
  from space 512K,  71% used [0x04ed0000, 0x04f2be90, 0x04f50000)
  to   space 512K,   0% used [0x04e50000, 0x04e50000, 0x04ed0000)
 tenured generation   total 10944K, used 6848K [0x09f50000, 0x0aa00000, 0x14a00000)
   the space 10944K,  62% used [0x09f50000, 0x0a6001f0, 0x0a600200, 0x0aa00000)
 Metaspace       used 8607K, capacity 8824K, committed 8832K, reserved 9600K
Event: 38.537 GC heap after
Heap after GC invocations=30 (full 0):
 def new generation   total 4928K, used 293K [0x04a00000, 0x04f50000, 0x09f50000)
  eden space 4416K,   0% used [0x04a00000, 0x04a00000, 0x04e50000)
  from space 512K,  57% used [0x04e50000, 0x04e99468, 0x04ed0000)
  to   space 512K,   0% used [0x04ed0000, 0x04ed0000, 0x04f50000)
 tenured generation   total 10944K, used 7071K [0x09f50000, 0x0aa00000, 0x14a00000)
   the space 10944K,  64% used [0x09f50000, 0x0a637f60, 0x0a638000, 0x0aa00000)
 Metaspace       used 8607K, capacity 8824K, committed 8832K, reserved 9600K
}

